Arguments: 
  D:\NodeJS\node.exe D:\NodeJS\node_global\node_modules\yarn\bin\yarn.js install

PATH: 
  C:\Program Files (x86)\Common Files\Oracle\Java\javapath;C:\Windows\system32;C:\Windows;C:\Windows\System32\Wbem;C:\Windows\System32\WindowsPowerShell\v1.0\;C:\Windows\System32\OpenSSH\;D:\MongoDB\bin;D:\Flutter\bin;\node_global\bin;C:\Program Files\NVIDIA Corporation\NVIDIA NvDLISR;C:\Program Files (x86)\NVIDIA Corporation\PhysX\Common;D:\Git\cmd;;D:\NodeJS\;C:\Program Files\Intel\WiFi\bin\;C:\Program Files\Common Files\Intel\WirelessCommon\;C:\Users\Administrator\AppData\Local\Microsoft\WindowsApps;D:\NodeJS\node_global;C:\Program Files\Intel\WiFi\bin\;C:\Program Files\Common Files\Intel\WirelessCommon\;D:\Visual Studio Code\bin

Yarn version: 
  1.22.4

Node version: 
  14.8.0

Platform: 
  win32 x64

Trace: 
  SyntaxError: D:\Web Product\Demo\webpack\package.json: Unexpected token / in JSON at position 256
      at JSON.parse (<anonymous>)
      at D:\NodeJS\node_global\node_modules\yarn\lib\cli.js:1625:59
      at Generator.next (<anonymous>)
      at step (D:\NodeJS\node_global\node_modules\yarn\lib\cli.js:310:30)
      at D:\NodeJS\node_global\node_modules\yarn\lib\cli.js:321:13

npm manifest: 
  {
      "name": "weback4demo",
      "version": "1.0.0",
      "description": "",
      "main": "index.js",
      "scripts": {
          "test": "echo \"Error: no test specified\" && exit 1"
      },
      "author": "",
      "license": "ISC",
      "dependencies": {
          // "css-loader": "^4.3.0",
          // "style-loader": "^1.3.0",
          "webpack": "^4.44.2",
          "webpack-cli": "^3.3.12"
      }
  }

yarn manifest: 
  No manifest

Lockfile: 
  No lockfile
